<?xml version="1.0" encoding="UTF-8"?>
<testsuite xmlns:xsi="http://www.w3.org/2001/XMLSchema-instance" xsi:schemaLocation="https://maven.apache.org/surefire/maven-surefire-plugin/xsd/surefire-test-report.xsd" name="com.poc.serenity.Runner.Runner1" time="14.905" tests="2" errors="0" skipped="0" failures="0">
  <properties>
[...]
</properties>
  <testcase name="Given Verifying County Code with http://restapi.demoqa.com/utilities/weather/city/delhi" classname="| alok kumar12 | alok@1234 | https://google.com | http://restapi.demoqa.com/utilities/weather/city/delhi |" time="0.002"/>
  <testcase name="| alok kumar12 | alok@1234 | https://google.com | http://restapi.demoqa.com/utilities/weather/city/delhi |" classname="| alok kumar12 | alok@1234 | https://google.com | http://restapi.demoqa.com/utilities/weather/city/delhi |" time="1.628"/>
</testsuite>